#
# There is insufficient memory for the Java Runtime Environment to continue.
# Native memory allocation (malloc) failed to allocate 782336 bytes for Chunk::new
# Possible reasons:
#   The system is out of physical RAM or swap space
#   In 32 bit mode, the process size limit was hit
# Possible solutions:
#   Reduce memory load on the system
#   Increase physical memory or swap space
#   Check if swap backing store is full
#   Use 64 bit Java on a 64 bit OS
#   Decrease Java heap size (-Xmx/-Xms)
#   Decrease number of Java threads
#   Decrease Java thread stack sizes (-Xss)
#   Set larger code cache with -XX:ReservedCodeCacheSize=
# This output file may be truncated or incomplete.
#
#  Out of Memory Error (allocation.cpp:390), pid=2804, tid=2040
#
# JRE version: Java(TM) SE Runtime Environment (8.0_91-b15) (build 1.8.0_91-b15)
# Java VM: Java HotSpot(TM) 64-Bit Server VM (25.91-b15 mixed mode windows-amd64 compressed oops)
# Failed to write core dump. Minidumps are not enabled by default on client versions of Windows
#

---------------  T H R E A D  ---------------

Current thread (0x0000000056044000):  JavaThread "C2 CompilerThread1" daemon [_thread_in_native, id=2040, stack(0x0000000056aa0000,0x0000000056ba0000)]

Stack: [0x0000000056aa0000,0x0000000056ba0000]
[error occurred during error reporting (printing stack bounds), id 0xc0000005]

Native frames: (J=compiled Java code, j=interpreted, Vv=VM code, C=native code)


Current CompileTask:
C2:  21678 2399       4       com.android.dx.ssa.ConstCollector::getConstsSortedByCountUse (386 bytes)


---------------  P R O C E S S  ---------------

Java Threads: ( => current thread )
  0x00000000562fb000 JavaThread "pool-2-thread-4" [_thread_blocked, id=5160, stack(0x0000000058050000,0x0000000058150000)]
  0x0000000057154000 JavaThread "pool-2-thread-3" [_thread_blocked, id=4464, stack(0x0000000057e50000,0x0000000057f50000)]
  0x0000000057153000 JavaThread "pool-2-thread-2" [_thread_blocked, id=5788, stack(0x0000000057d50000,0x0000000057e50000)]
  0x0000000057152800 JavaThread "pool-3-thread-1" [_thread_blocked, id=2360, stack(0x0000000057b30000,0x0000000057c30000)]
  0x00000000563a9000 JavaThread "pool-2-thread-1" [_thread_blocked, id=6740, stack(0x0000000057970000,0x0000000057a70000)]
  0x0000000056051800 JavaThread "Service Thread" daemon [_thread_blocked, id=6348, stack(0x0000000056e30000,0x0000000056f30000)]
  0x0000000056045000 JavaThread "C1 CompilerThread2" daemon [_thread_blocked, id=5000, stack(0x0000000056c40000,0x0000000056d40000)]
=>0x0000000056044000 JavaThread "C2 CompilerThread1" daemon [_thread_in_native, id=2040, stack(0x0000000056aa0000,0x0000000056ba0000)]
  0x000000005603b000 JavaThread "C2 CompilerThread0" daemon [_thread_in_native, id=6616, stack(0x0000000056880000,0x0000000056980000)]
  0x0000000056038800 JavaThread "Attach Listener" daemon [_thread_blocked, id=4200, stack(0x0000000056690000,0x0000000056790000)]
  0x0000000054bcc800 JavaThread "Signal Dispatcher" daemon [_thread_blocked, id=5292, stack(0x00000000564b0000,0x00000000565b0000)]
  0x0000000054bb9800 JavaThread "Finalizer" daemon [_thread_blocked, id=3204, stack(0x0000000055f30000,0x0000000056030000)]
  0x0000000054b72000 JavaThread "Reference Handler" daemon [_thread_blocked, id=2220, stack(0x0000000055c10000,0x0000000055d10000)]
  0x000000000217e000 JavaThread "main" [_thread_blocked, id=6848, stack(0x0000000002200000,0x0000000002300000)]

Other Threads:
  0x0000000054b6a000 VMThread [stack: 0x0000000055db0000,0x0000000055eb0000] [id=4412]
  0x00000000560cb000 WatcherThread [stack: 0x0000000057050000,0x0000000057150000] [id=7060]

VM state:not at safepoint (normal execution)

VM Mutex/Monitor currently owned by a thread: None

Heap:
 PSYoungGen      total 162304K, used 33068K [0x00000000eab00000, 0x00000000fe800000, 0x0000000100000000)
  eden space 133120K, 5% used [0x00000000eab00000,0x00000000eb228980,0x00000000f2d00000)
  from space 29184K, 88% used [0x00000000fcb80000,0x00000000fe4a2a40,0x00000000fe800000)
  to   space 5120K, 0% used [0x00000000f2d00000,0x00000000f2d00000,0x00000000f3200000)
 ParOldGen       total 87552K, used 45669K [0x00000000c0000000, 0x00000000c5580000, 0x00000000eab00000)
  object space 87552K, 52% used [0x00000000c0000000,0x00000000c2c995f0,0x00000000c5580000)
 Metaspace       used 6573K, capacity 7256K, committed 7424K, reserved 1056768K
  class space    used 628K, capacity 656K, committed 768K, reserved 1048576K

Card table byte_map: [0x0000000011740000,0x0000000011950000] byte_map_base: 0x0000000011140000

Marking Bits: (ParMarkBitMap*) 0x000000005dce2f70
 Begin Bits: [0x0000000011fe0000, 0x0000000012fe0000)
 End Bits:   [0x0000000012fe0000, 0x0000000013fe0000)

Polling page: 0x0000000000310000

CodeCache: size=245760Kb used=12867Kb max_used=12998Kb free=232892Kb
 bounds [0x0000000002380000, 0x0000000003050000, 0x0000000011380000]
 total_blobs=2550 nmethods=2279 adapters=184
 compilation: enabled

Compilation events (10 events):
Event: 21.643 Thread 0x0000000056045000 2404   !   3       com.android.dx.cf.code.ExecutionStack::change (116 bytes)
Event: 21.644 Thread 0x0000000056045000 nmethod 2404 0x0000000002566710 code [0x0000000002566a80, 0x0000000002568678]
Event: 21.645 Thread 0x0000000056045000 2405       3       java.util.zip.ZipFile$ZipFileInputStream::finalize (5 bytes)
Event: 21.645 Thread 0x0000000056045000 nmethod 2405 0x00000000024e5a50 code [0x00000000024e5bc0, 0x00000000024e5d68]
Event: 21.645 Thread 0x0000000056045000 2406       3       java.util.zip.ZipFile$ZipFileInflaterInputStream::finalize (5 bytes)
Event: 21.645 Thread 0x0000000056045000 nmethod 2406 0x0000000002550b50 code [0x0000000002550cc0, 0x0000000002550e68]
Event: 21.646 Thread 0x0000000056045000 2407       3       java.util.Arrays::sort (19 bytes)
Event: 21.646 Thread 0x0000000056045000 nmethod 2407 0x00000000024b3250 code [0x00000000024b33c0, 0x00000000024b3598]
Event: 21.646 Thread 0x0000000056045000 2408       3       java.util.DualPivotQuicksort::sort (614 bytes)
Event: 21.647 Thread 0x0000000056045000 nmethod 2408 0x000000000302a650 code [0x000000000302a900, 0x000000000302bd38]

GC Heap History (10 events):
Event: 5.218 GC heap before
{Heap before GC invocations=2 (full 0):
 PSYoungGen      total 38400K, used 38370K [0x00000000eab00000, 0x00000000ef600000, 0x0000000100000000)
  eden space 33280K, 100% used [0x00000000eab00000,0x00000000ecb80000,0x00000000ecb80000)
  from space 5120K, 99% used [0x00000000ecb80000,0x00000000ed078b28,0x00000000ed080000)
  to   space 5120K, 0% used [0x00000000ef100000,0x00000000ef100000,0x00000000ef600000)
 ParOldGen       total 87552K, used 183K [0x00000000c0000000, 0x00000000c5580000, 0x00000000eab00000)
  object space 87552K, 0% used [0x00000000c0000000,0x00000000c002dd28,0x00000000c5580000)
 Metaspace       used 6197K, capacity 7028K, committed 7296K, reserved 1056768K
  class space    used 606K, capacity 620K, committed 640K, reserved 1048576K
Event: 5.341 GC heap after
Heap after GC invocations=2 (full 0):
 PSYoungGen      total 71680K, used 5112K [0x00000000eab00000, 0x00000000ef600000, 0x0000000100000000)
  eden space 66560K, 0% used [0x00000000eab00000,0x00000000eab00000,0x00000000eec00000)
  from space 5120K, 99% used [0x00000000ef100000,0x00000000ef5fe1c0,0x00000000ef600000)
  to   space 5120K, 0% used [0x00000000eec00000,0x00000000eec00000,0x00000000ef100000)
 ParOldGen       total 87552K, used 3074K [0x00000000c0000000, 0x00000000c5580000, 0x00000000eab00000)
  object space 87552K, 3% used [0x00000000c0000000,0x00000000c0300a70,0x00000000c5580000)
 Metaspace       used 6197K, capacity 7028K, committed 7296K, reserved 1056768K
  class space    used 606K, capacity 620K, committed 640K, reserved 1048576K
}
Event: 8.612 GC heap before
{Heap before GC invocations=3 (full 0):
 PSYoungGen      total 71680K, used 71672K [0x00000000eab00000, 0x00000000ef600000, 0x0000000100000000)
  eden space 66560K, 100% used [0x00000000eab00000,0x00000000eec00000,0x00000000eec00000)
  from space 5120K, 99% used [0x00000000ef100000,0x00000000ef5fe1c0,0x00000000ef600000)
  to   space 5120K, 0% used [0x00000000eec00000,0x00000000eec00000,0x00000000ef100000)
 ParOldGen       total 87552K, used 3074K [0x00000000c0000000, 0x00000000c5580000, 0x00000000eab00000)
  object space 87552K, 3% used [0x00000000c0000000,0x00000000c0300a70,0x00000000c5580000)
 Metaspace       used 6287K, capacity 7092K, committed 7296K, reserved 1056768K
  class space    used 607K, capacity 620K, committed 640K, reserved 1048576K
Event: 8.648 GC heap after
Heap after GC invocations=3 (full 0):
 PSYoungGen      total 71680K, used 5114K [0x00000000eab00000, 0x00000000f3700000, 0x0000000100000000)
  eden space 66560K, 0% used [0x00000000eab00000,0x00000000eab00000,0x00000000eec00000)
  from space 5120K, 99% used [0x00000000eec00000,0x00000000ef0fea50,0x00000000ef100000)
  to   space 5120K, 0% used [0x00000000f3200000,0x00000000f3200000,0x00000000f3700000)
 ParOldGen       total 87552K, used 13110K [0x00000000c0000000, 0x00000000c5580000, 0x00000000eab00000)
  object space 87552K, 14% used [0x00000000c0000000,0x00000000c0ccdaa0,0x00000000c5580000)
 Metaspace       used 6287K, capacity 7092K, committed 7296K, reserved 1056768K
  class space    used 607K, capacity 620K, committed 640K, reserved 1048576K
}
Event: 11.113 GC heap before
{Heap before GC invocations=4 (full 0):
 PSYoungGen      total 71680K, used 71674K [0x00000000eab00000, 0x00000000f3700000, 0x0000000100000000)
  eden space 66560K, 100% used [0x00000000eab00000,0x00000000eec00000,0x00000000eec00000)
  from space 5120K, 99% used [0x00000000eec00000,0x00000000ef0fea50,0x00000000ef100000)
  to   space 5120K, 0% used [0x00000000f3200000,0x00000000f3200000,0x00000000f3700000)
 ParOldGen       total 87552K, used 13110K [0x00000000c0000000, 0x00000000c5580000, 0x00000000eab00000)
  object space 87552K, 14% used [0x00000000c0000000,0x00000000c0ccdaa0,0x00000000c5580000)
 Metaspace       used 6387K, capacity 7156K, committed 7296K, reserved 1056768K
  class space    used 608K, capacity 620K, committed 640K, reserved 1048576K
Event: 11.151 GC heap after
Heap after GC invocations=4 (full 0):
 PSYoungGen      total 138240K, used 5112K [0x00000000eab00000, 0x00000000f3700000, 0x0000000100000000)
  eden space 133120K, 0% used [0x00000000eab00000,0x00000000eab00000,0x00000000f2d00000)
  from space 5120K, 99% used [0x00000000f3200000,0x00000000f36fe120,0x00000000f3700000)
  to   space 5120K, 0% used [0x00000000f2d00000,0x00000000f2d00000,0x00000000f3200000)
 ParOldGen       total 87552K, used 24231K [0x00000000c0000000, 0x00000000c5580000, 0x00000000eab00000)
  object space 87552K, 27% used [0x00000000c0000000,0x00000000c17a9ca0,0x00000000c5580000)
 Metaspace       used 6387K, capacity 7156K, committed 7296K, reserved 1056768K
  class space    used 608K, capacity 620K, committed 640K, reserved 1048576K
}
Event: 14.201 GC heap before
{Heap before GC invocations=5 (full 0):
 PSYoungGen      total 138240K, used 138232K [0x00000000eab00000, 0x00000000f3700000, 0x0000000100000000)
  eden space 133120K, 100% used [0x00000000eab00000,0x00000000f2d00000,0x00000000f2d00000)
  from space 5120K, 99% used [0x00000000f3200000,0x00000000f36fe120,0x00000000f3700000)
  to   space 5120K, 0% used [0x00000000f2d00000,0x00000000f2d00000,0x00000000f3200000)
 ParOldGen       total 87552K, used 24231K [0x00000000c0000000, 0x00000000c5580000, 0x00000000eab00000)
  object space 87552K, 27% used [0x00000000c0000000,0x00000000c17a9ca0,0x00000000c5580000)
 Metaspace       used 6556K, capacity 7256K, committed 7424K, reserved 1056768K
  class space    used 628K, capacity 656K, committed 768K, reserved 1048576K
Event: 14.287 GC heap after
Heap after GC invocations=5 (full 0):
 PSYoungGen      total 138240K, used 5118K [0x00000000eab00000, 0x00000000fe800000, 0x0000000100000000)
  eden space 133120K, 0% used [0x00000000eab00000,0x00000000eab00000,0x00000000f2d00000)
  from space 5120K, 99% used [0x00000000f2d00000,0x00000000f31ffb30,0x00000000f3200000)
  to   space 29184K, 0% used [0x00000000fcb80000,0x00000000fcb80000,0x00000000fe800000)
 ParOldGen       total 87552K, used 45669K [0x00000000c0000000, 0x00000000c5580000, 0x00000000eab00000)
  object space 87552K, 52% used [0x00000000c0000000,0x00000000c2c995f0,0x00000000c5580000)
 Metaspace       used 6556K, capacity 7256K, committed 7424K, reserved 1056768K
  class space    used 628K, capacity 656K, committed 768K, reserved 1048576K
}
Event: 21.565 GC heap before
{Heap before GC invocations=6 (full 0):
 PSYoungGen      total 138240K, used 138238K [0x00000000eab00000, 0x00000000fe800000, 0x0000000100000000)
  eden space 133120K, 100% used [0x00000000eab00000,0x00000000f2d00000,0x00000000f2d00000)
  from space 5120K, 99% used [0x00000000f2d00000,0x00000000f31ffb30,0x00000000f3200000)
  to   space 29184K, 0% used [0x00000000fcb80000,0x00000000fcb80000,0x00000000fe800000)
 ParOldGen       total 87552K, used 45669K [0x00000000c0000000, 0x00000000c5580000, 0x00000000eab00000)
  object space 87552K, 52% used [0x00000000c0000000,0x00000000c2c995f0,0x00000000c5580000)
 Metaspace       used 6572K, capacity 7256K, committed 7424K, reserved 1056768K
  class space    used 628K, capacity 656K, committed 768K, reserved 1048576K
Event: 21.640 GC heap after
Heap after GC invocations=6 (full 0):
 PSYoungGen      total 162304K, used 25738K [0x00000000eab00000, 0x00000000fe800000, 0x0000000100000000)
  eden space 133120K, 0% used [0x00000000eab00000,0x00000000eab00000,0x00000000f2d00000)
  from space 29184K, 88% used [0x00000000fcb80000,0x00000000fe4a2a40,0x00000000fe800000)
  to   space 5120K, 0% used [0x00000000f2d00000,0x00000000f2d00000,0x00000000f3200000)
 ParOldGen       total 87552K, used 45669K [0x00000000c0000000, 0x00000000c5580000, 0x00000000eab00000)
  object space 87552K, 52% used [0x00000000c0000000,0x00000000c2c995f0,0x00000000c5580000)
 Metaspace       used 6572K, capacity 7256K, committed 7424K, reserved 1056768K
  class space    used 628K, capacity 656K, committed 768K, reserved 1048576K
}

Deoptimization events (10 events):
Event: 13.971 Thread 0x0000000057153000 Uncommon trap: reason=unstable_if action=reinterpret pc=0x000000000277065c method=java.util.HashMap.putVal(ILjava/lang/Object;Ljava/lang/Object;ZZ)Ljava/lang/Object; @ 193
Event: 14.699 Thread 0x00000000563a9000 Uncommon trap: reason=unstable_if action=reinterpret pc=0x0000000002e27d3c method=com.android.dx.ssa.PhiTypeResolver.resolveResultType(Lcom/android/dx/ssa/PhiInsn;)Z @ 47
Event: 14.762 Thread 0x00000000563a9000 Uncommon trap: reason=unstable_if action=reinterpret pc=0x0000000002f56848 method=com.android.dx.cf.code.BytecodeArray.parseInstruction(ILcom/android/dx/cf/code/BytecodeArray$Visitor;)I @ 1261
Event: 17.635 Thread 0x00000000563a9000 Uncommon trap: reason=unstable_if action=reinterpret pc=0x0000000002d76610 method=java.util.HashMap.putVal(ILjava/lang/Object;Ljava/lang/Object;ZZ)Ljava/lang/Object; @ 162
Event: 19.417 Thread 0x00000000562fb000 Uncommon trap: reason=bimorphic action=maybe_recompile pc=0x0000000002fa9350 method=com.android.dx.cf.code.BytecodeArray.parseInstruction(ILcom/android/dx/cf/code/BytecodeArray$Visitor;)I @ 1035
Event: 19.417 Thread 0x00000000562fb000 Uncommon trap: reason=bimorphic action=maybe_recompile pc=0x0000000002fa9214 method=com.android.dx.cf.code.BytecodeArray.parseInstruction(ILcom/android/dx/cf/code/BytecodeArray$Visitor;)I @ 987
Event: 19.417 Thread 0x00000000562fb000 Uncommon trap: reason=bimorphic action=maybe_recompile pc=0x0000000002fa93d0 method=com.android.dx.cf.code.BytecodeArray.parseInstruction(ILcom/android/dx/cf/code/BytecodeArray$Visitor;)I @ 1051
Event: 19.417 Thread 0x00000000562fb000 Uncommon trap: reason=bimorphic action=maybe_recompile pc=0x0000000002fa9350 method=com.android.dx.cf.code.BytecodeArray.parseInstruction(ILcom/android/dx/cf/code/BytecodeArray$Visitor;)I @ 1035
Event: 19.891 Thread 0x000000000217e000 Uncommon trap: reason=unstable_if action=reinterpret pc=0x0000000002d970fc method=com.android.dx.cf.direct.StdAttributeFactory.parse0(Lcom/android/dx/cf/direct/DirectClassFile;ILjava/lang/String;IILcom/android/dx/cf/iface/ParseObserver;)Lcom/android/dx/cf/cÈRå5@
Event: 21.548 Thread 0x0000000057154000 Uncommon trap: reason=unstable_if action=reinterpret pc=0x00000000029a12e8 method=java.util.HashMap.resize()[Ljava/util/HashMap$Node; @ 206

Internal exceptions (7 events):
Event: 0.128 Thread 0x000000000217e000 Exception <a 'java/lang/NoSuchMethodError': Method sun.misc.Unsafe.defineClass(Ljava/lang/String;[BII)Ljava/lang/Class; name or signature does not match> (0x00000000eab07cc0) thrown at [C:\re\workspace\8-2-build-windows-amd64-cygwin\jdk8u91\7017\hotspot\sr≤†qôúa¿?
Event: 0.128 Thread 0x000000000217e000 Exception <a 'java/lang/NoSuchMethodError': Method sun.misc.Unsafe.prefetchRead(Ljava/lang/Object;J)V name or signature does not match> (0x00000000eab07fa8) thrown at [C:\re\workspace\8-2-build-windows-amd64-cygwin\jdk8u91\7017\hotspot\src\share\vm\prims\j;c	àM@
Event: 3.413 Thread 0x00000000563a9000 Implicit null exception at 0x00000000025abb37 to 0x00000000025ad365
Event: 11.293 Thread 0x00000000562fb000 Implicit null exception at 0x000000000288f857 to 0x0000000002890fa9
Event: 11.812 Thread 0x00000000563a9000 Exception <a 'java/lang/ArrayIndexOutOfBoundsException': 18> (0x00000000ef46e1a0) thrown at [C:\re\workspace\8-2-build-windows-amd64-cygwin\jdk8u91\7017\hotspot\src\share\vm\interpreter\interpreterRuntime.cpp, line 366]
Event: 11.812 Thread 0x00000000563a9000 Exception <a 'java/lang/ArrayIndexOutOfBoundsException': 145> (0x00000000ef6aad00) thrown at [C:\re\workspace\8-2-build-windows-amd64-cygwin\jdk8u91\7017\hotspot\src\share\vm\interpreter\interpreterRuntime.cpp, line 366]
Event: 11.813 Thread 0x00000000563a9000 Exception <a 'java/lang/ArrayIndexOutOfBoundsException'> (0x00000000ef6abfe8) thrown at [C:\re\workspace\8-2-build-windows-amd64-cygwin\jdk8u91\7017\hotspot\src\share\vm\runtime\sharedRuntime.cpp, line 605]

Events (10 events):
Event: 21.395 Thread 0x0000000056044000 flushing nmethod 0x000000000256a610
Event: 21.395 Thread 0x0000000056044000 flushing nmethod 0x000000000256c1d0
Event: 21.446 Thread 0x0000000056045000 flushing nmethod 0x00000000025752d0
Event: 21.446 Thread 0x0000000056045000 flushing nmethod 0x000000000257b590
Event: 21.446 Thread 0x0000000056045000 flushing nmethod 0x000000000258e750
Event: 21.548 Thread 0x0000000057154000 Uncommon trap: trap_request=0xffffff65 fr.pc=0x00000000029a12e8
Event: 21.548 Thread 0x0000000057154000 DEOPT PACKING pc=0x00000000029a12e8 sp=0x0000000057f4ea90
Event: 21.548 Thread 0x0000000057154000 DEOPT UNPACKING pc=0x00000000023c582a sp=0x0000000057f4e9f8 mode 2
Event: 21.565 Executing VM operation: ParallelGCFailedAllocation
Event: 21.640 Executing VM operation: ParallelGCFailedAllocation done


Dynamic libraries:
0x000000013f1e0000 - 0x000000013f217000 	D:\Java\jdk1.7.0_79\bin\java.exe
0x00000000779d0000 - 0x0000000077b79000 	C:\Windows\SYSTEM32\ntdll.dll
0x00000000772d0000 - 0x00000000773ef000 	C:\Windows\system32\kernel32.dll
0x000007fefe190000 - 0x000007fefe1fc000 	C:\Windows\system32\KERNELBASE.dll
0x000007feff370000 - 0x000007feff44b000 	C:\Windows\system32\ADVAPI32.dll
0x000007feffb80000 - 0x000007feffc1f000 	C:\Windows\system32\msvcrt.dll
0x000007feffcc0000 - 0x000007feffcdf000 	C:\Windows\SYSTEM32\sechost.dll
0x000007feff1a0000 - 0x000007feff2cd000 	C:\Windows\system32\RPCRT4.dll
0x0000000077550000 - 0x000000007764a000 	C:\Windows\system32\USER32.dll
0x000007feff8b0000 - 0x000007feff917000 	C:\Windows\system32\GDI32.dll
0x000007feff8a0000 - 0x000007feff8ae000 	C:\Windows\system32\LPK.dll
0x000007feff450000 - 0x000007feff519000 	C:\Windows\system32\USP10.dll
0x000007fefc670000 - 0x000007fefc864000 	C:\Windows\WinSxS\amd64_microsoft.windows.common-controls_6595b64144ccf1df_6.0.7601.17514_none_fa396087175ac9ac\COMCTL32.dll
0x000007fefe310000 - 0x000007fefe381000 	C:\Windows\system32\SHLWAPI.dll
0x000007fefe2e0000 - 0x000007fefe30e000 	C:\Windows\system32\IMM32.DLL
0x000007feff520000 - 0x000007feff629000 	C:\Windows\system32\MSCTF.dll
0x000000005cd40000 - 0x000000005ce12000 	D:\Java\jdk1.7.0_79\jre\bin\msvcr100.dll
0x000000005d4d0000 - 0x000000005dd63000 	D:\Java\jdk1.7.0_79\jre\bin\server\jvm.dll
0x000007fefa8c0000 - 0x000007fefa8c9000 	C:\Windows\system32\WSOCK32.dll
0x000007feffb10000 - 0x000007feffb5d000 	C:\Windows\system32\WS2_32.dll
0x000007feffb00000 - 0x000007feffb08000 	C:\Windows\system32\NSI.dll
0x000007fefbc40000 - 0x000007fefbc7b000 	C:\Windows\system32\WINMM.dll
0x000007fefcf90000 - 0x000007fefcf9c000 	C:\Windows\system32\VERSION.dll
0x0000000077ba0000 - 0x0000000077ba7000 	C:\Windows\system32\PSAPI.DLL
0x0000000068960000 - 0x000000006896f000 	D:\Java\jdk1.7.0_79\jre\bin\verify.dll
0x00000000688a0000 - 0x00000000688c9000 	D:\Java\jdk1.7.0_79\jre\bin\java.dll
0x0000000068940000 - 0x0000000068956000 	D:\Java\jdk1.7.0_79\jre\bin\zip.dll
0x000007fefe390000 - 0x000007feff118000 	C:\Windows\system32\SHELL32.dll
0x000007feff690000 - 0x000007feff893000 	C:\Windows\system32\ole32.dll
0x000007fefde30000 - 0x000007fefde3f000 	C:\Windows\system32\profapi.dll

VM Arguments:
jvm_args: -Djava.awt.headless=true -Xmx1024M -Dfile.encoding=GBK -Duser.country=CN -Duser.language=zh -Duser.variant 
java_command: com.android.dx.command.Main --dex --force-jumbo --num-threads=4 --multi-dex --output E:\android-studio-example\Base\materialdesign\build\intermediates\transforms\dex\debug\folders\1000\10\com.android.support-support-v4-23.3.0_203e73bf4c714afdee57044722bc0de43cad07b3 E:\android-studio-example\Base\materialdesign\build\intermediates\exploded-aar\com.android.support\support-v4\23.3.0\jars\classes.jar
java_class_path (initial): E:\android-studio-sdk\build-tools\23.0.3\lib\dx.jar
Launcher Type: SUN_STANDARD

Environment Variables:
JAVA_HOME=D:\Java\jdk1.7.0_79
CLASSPATH=.;D:\Java\jdk1.7.0_79\lib\dt.jar;D:\Java\jdk1.7.0_79\lib\tools.jar;
PATH=C:\ProgramData\Oracle\Java\javapath;C:\Windows\system32;C:\Windows;C:\Windows\System32\Wbem;C:\Windows\System32\WindowsPowerShell\v1.0\;C:\Program Files (x86)\ATI Technologies\ATI.ACE\Core-Static;D:\Java\jdk1.7.0_79\bin;D:\Java\jdk1.7.0_79\jre\bin;C:\apache-tomcat-7.0.62\bin;D:\DesktopLinks;
USERNAME=Hlh
OS=Windows_NT
PROCESSOR_IDENTIFIER=Intel64 Family 6 Model 30 Stepping 5, GenuineIntel



---------------  S Y S T E M  ---------------

OS: Windows 7 , 64 bit Build 7601 (6.1.7601.17617)

CPU:total 4 (4 cores per cpu, 1 threads per core) family 6 model 30 stepping 5, cmov, cx8, fxsr, mmx, sse, sse2, sse3, ssse3, sse4.1, sse4.2, popcnt, tsc, tscinvbit

Memory: 4k page, physical 8379896k(2027132k free), swap 8378044k(5688k free)

vm_info: Java HotSpot(TM) 64-Bit Server VM (25.91-b15) for windows-amd64 JRE (1.8.0_91-b15), built on May 20 2016 17:43:15 by "java_re" with MS VC++ 10.0 (VS2010)

time: Tue Jul 19 15:03:19 2016
elapsed time: 21 seconds (0d 0h 0m 21s)

