#
# There is insufficient memory for the Java Runtime Environment to continue.
# Native memory allocation (malloc) failed to allocate 262160 bytes for Chunk::new
# Possible reasons:
#   The system is out of physical RAM or swap space
#   In 32 bit mode, the process size limit was hit
# Possible solutions:
#   Reduce memory load on the system
#   Increase physical memory or swap space
#   Check if swap backing store is full
#   Use 64 bit Java on a 64 bit OS
#   Decrease Java heap size (-Xmx/-Xms)
#   Decrease number of Java threads
#   Decrease Java thread stack sizes (-Xss)
#   Set larger code cache with -XX:ReservedCodeCacheSize=
# This output file may be truncated or incomplete.
#
#  Out of Memory Error (allocation.cpp:390), pid=5912, tid=2884
#
# JRE version: Java(TM) SE Runtime Environment (8.0_91-b15) (build 1.8.0_91-b15)
# Java VM: Java HotSpot(TM) 64-Bit Server VM (25.91-b15 mixed mode windows-amd64 compressed oops)
# Failed to write core dump. Minidumps are not enabled by default on client versions of Windows
#

---------------  T H R E A D  ---------------

Current thread (0x0000000055e74000):  JavaThread "C2 CompilerThread1" daemon [_thread_in_native, id=2884, stack(0x00000000568d0000,0x00000000569d0000)]

Stack: [0x00000000568d0000,0x00000000569d0000]
[error occurred during error reporting (printing stack bounds), id 0xc0000005]

Native frames: (J=compiled Java code, j=interpreted, Vv=VM code, C=native code)


Current CompileTask:
C2:  18670 2424       4       com.android.dx.dex.code.DalvCode::finishProcessingIfNecessary (69 bytes)


---------------  P R O C E S S  ---------------

Java Threads: ( => current thread )
  0x00000000561c1800 JavaThread "pool-1-thread-1" [_thread_in_vm, id=4264, stack(0x0000000056f70000,0x0000000057070000)]
  0x0000000055e81800 JavaThread "Service Thread" daemon [_thread_blocked, id=5244, stack(0x0000000056c70000,0x0000000056d70000)]
  0x0000000055e75000 JavaThread "C1 CompilerThread2" daemon [_thread_in_vm, id=6712, stack(0x0000000056af0000,0x0000000056bf0000)]
=>0x0000000055e74000 JavaThread "C2 CompilerThread1" daemon [_thread_in_native, id=2884, stack(0x00000000568d0000,0x00000000569d0000)]
  0x0000000055e6b000 JavaThread "C2 CompilerThread0" daemon [_thread_in_native, id=3988, stack(0x0000000056680000,0x0000000056780000)]
  0x0000000055e68800 JavaThread "Attach Listener" daemon [_thread_blocked, id=3496, stack(0x0000000056520000,0x0000000056620000)]
  0x0000000054d5c800 JavaThread "Signal Dispatcher" daemon [_thread_blocked, id=2172, stack(0x00000000563a0000,0x00000000564a0000)]
  0x0000000054d49800 JavaThread "Finalizer" daemon [_thread_blocked, id=4320, stack(0x0000000055d60000,0x0000000055e60000)]
  0x0000000054d02000 JavaThread "Reference Handler" daemon [_thread_blocked, id=1004, stack(0x0000000055c50000,0x0000000055d50000)]
  0x00000000021de000 JavaThread "main" [_thread_blocked, id=3264, stack(0x0000000002520000,0x0000000002620000)]

Other Threads:
  0x0000000054cfa000 VMThread [stack: 0x0000000055b40000,0x0000000055c40000] [id=2600]
  0x0000000055eff800 WatcherThread [stack: 0x0000000056df0000,0x0000000056ef0000] [id=6376]

VM state:not at safepoint (normal execution)

VM Mutex/Monitor currently owned by a thread:  ([mutex/lock_event])
[0x00000000021dc680] CompiledIC_lock - owner thread: 0x0000000055e75000

Heap:
 PSYoungGen      total 71680K, used 22136K [0x00000000eab00000, 0x00000000f3700000, 0x0000000100000000)
  eden space 66560K, 25% used [0x00000000eab00000,0x00000000ebb9e888,0x00000000eec00000)
  from space 5120K, 99% used [0x00000000eec00000,0x00000000ef0ff888,0x00000000ef100000)
  to   space 5120K, 0% used [0x00000000f3200000,0x00000000f3200000,0x00000000f3700000)
 ParOldGen       total 87552K, used 15794K [0x00000000c0000000, 0x00000000c5580000, 0x00000000eab00000)
  object space 87552K, 18% used [0x00000000c0000000,0x00000000c0f6cb78,0x00000000c5580000)
 Metaspace       used 6785K, capacity 7544K, committed 7680K, reserved 1056768K
  class space    used 630K, capacity 688K, committed 768K, reserved 1048576K

Card table byte_map: [0x00000000119e0000,0x0000000011bf0000] byte_map_base: 0x00000000113e0000

Marking Bits: (ParMarkBitMap*) 0x000000005dce2f70
 Begin Bits: [0x0000000012170000, 0x0000000013170000)
 End Bits:   [0x0000000013170000, 0x0000000014170000)

Polling page: 0x0000000000120000

CodeCache: size=245760Kb used=11584Kb max_used=11596Kb free=234175Kb
 bounds [0x0000000002620000, 0x0000000003180000, 0x0000000011620000]
 total_blobs=2691 nmethods=2418 adapters=185
 compilation: disabled (not enough contiguous free space left)

Compilation events (10 events):
Event: 18.656 Thread 0x0000000055e75000 nmethod 2439 0x00000000031791d0 code [0x00000000031793a0, 0x0000000003179b78]
Event: 18.656 Thread 0x0000000055e75000 2440       3       com.android.dx.dex.code.InsnFormat::codeUnit (46 bytes)
Event: 18.656 Thread 0x0000000055e75000 nmethod 2440 0x0000000003178bd0 code [0x0000000003178d60, 0x0000000003179098]
Event: 18.658 Thread 0x0000000055e75000 2442       3       com.android.dx.rop.code.RegisterSpecList::getWordCount (33 bytes)
Event: 18.659 Thread 0x0000000055e75000 nmethod 2442 0x0000000003179f90 code [0x000000000317a160, 0x000000000317aae8]
Event: 18.660 Thread 0x0000000055e75000 2444       3       com.android.dx.dex.code.form.Form22t::writeTo (45 bytes)
Event: 18.661 Thread 0x0000000055e75000 nmethod 2444 0x000000000317aed0 code [0x000000000317b120, 0x000000000317c078]
Event: 18.661 Thread 0x0000000055e75000 2445       3       com.android.dx.dex.code.form.Form23x::writeTo (41 bytes)
Event: 18.661 Thread 0x0000000055e75000 nmethod 2445 0x000000000317c750 code [0x000000000317c960, 0x000000000317d628]
Event: 18.665 Thread 0x0000000055e75000 2447       3       com.android.dx.dex.file.TypeListItem::writeTo0 (210 bytes)

GC Heap History (6 events):
Event: 3.498 GC heap before
{Heap before GC invocations=1 (full 0):
 PSYoungGen      total 38400K, used 33280K [0x00000000eab00000, 0x00000000ed580000, 0x0000000100000000)
  eden space 33280K, 100% used [0x00000000eab00000,0x00000000ecb80000,0x00000000ecb80000)
  from space 5120K, 0% used [0x00000000ed080000,0x00000000ed080000,0x00000000ed580000)
  to   space 5120K, 0% used [0x00000000ecb80000,0x00000000ecb80000,0x00000000ed080000)
 ParOldGen       total 87552K, used 0K [0x00000000c0000000, 0x00000000c5580000, 0x00000000eab00000)
  object space 87552K, 0% used [0x00000000c0000000,0x00000000c0000000,0x00000000c5580000)
 Metaspace       used 6075K, capacity 6962K, committed 7040K, reserved 1056768K
  class space    used 603K, capacity 618K, committed 640K, reserved 1048576K
Event: 6.600 GC heap after
Heap after GC invocations=1 (full 0):
 PSYoungGen      total 38400K, used 5088K [0x00000000eab00000, 0x00000000ef600000, 0x0000000100000000)
  eden space 33280K, 0% used [0x00000000eab00000,0x00000000eab00000,0x00000000ecb80000)
  from space 5120K, 99% used [0x00000000ecb80000,0x00000000ed078278,0x00000000ed080000)
  to   space 5120K, 0% used [0x00000000ef100000,0x00000000ef100000,0x00000000ef600000)
 ParOldGen       total 87552K, used 1166K [0x00000000c0000000, 0x00000000c5580000, 0x00000000eab00000)
  object space 87552K, 1% used [0x00000000c0000000,0x00000000c0123bb0,0x00000000c5580000)
 Metaspace       used 6075K, capacity 6962K, committed 7040K, reserved 1056768K
  class space    used 603K, capacity 618K, committed 640K, reserved 1048576K
}
Event: 11.705 GC heap before
{Heap before GC invocations=2 (full 0):
 PSYoungGen      total 38400K, used 38368K [0x00000000eab00000, 0x00000000ef600000, 0x0000000100000000)
  eden space 33280K, 100% used [0x00000000eab00000,0x00000000ecb80000,0x00000000ecb80000)
  from space 5120K, 99% used [0x00000000ecb80000,0x00000000ed078278,0x00000000ed080000)
  to   space 5120K, 0% used [0x00000000ef100000,0x00000000ef100000,0x00000000ef600000)
 ParOldGen       total 87552K, used 1166K [0x00000000c0000000, 0x00000000c5580000, 0x00000000eab00000)
  object space 87552K, 1% used [0x00000000c0000000,0x00000000c0123bb0,0x00000000c5580000)
 Metaspace       used 6239K, capacity 7092K, committed 7296K, reserved 1056768K
  class space    used 606K, capacity 620K, committed 640K, reserved 1048576K
Event: 11.868 GC heap after
Heap after GC invocations=2 (full 0):
 PSYoungGen      total 71680K, used 5094K [0x00000000eab00000, 0x00000000ef600000, 0x0000000100000000)
  eden space 66560K, 0% used [0x00000000eab00000,0x00000000eab00000,0x00000000eec00000)
  from space 5120K, 99% used [0x00000000ef100000,0x00000000ef5f9a60,0x00000000ef600000)
  to   space 5120K, 0% used [0x00000000eec00000,0x00000000eec00000,0x00000000ef100000)
 ParOldGen       total 87552K, used 5588K [0x00000000c0000000, 0x00000000c5580000, 0x00000000eab00000)
  object space 87552K, 6% used [0x00000000c0000000,0x00000000c0575048,0x00000000c5580000)
 Metaspace       used 6239K, capacity 7092K, committed 7296K, reserved 1056768K
  class space    used 606K, capacity 620K, committed 640K, reserved 1048576K
}
Event: 16.468 GC heap before
{Heap before GC invocations=3 (full 0):
 PSYoungGen      total 71680K, used 71654K [0x00000000eab00000, 0x00000000ef600000, 0x0000000100000000)
  eden space 66560K, 100% used [0x00000000eab00000,0x00000000eec00000,0x00000000eec00000)
  from space 5120K, 99% used [0x00000000ef100000,0x00000000ef5f9a60,0x00000000ef600000)
  to   space 5120K, 0% used [0x00000000eec00000,0x00000000eec00000,0x00000000ef100000)
 ParOldGen       total 87552K, used 5588K [0x00000000c0000000, 0x00000000c5580000, 0x00000000eab00000)
  object space 87552K, 6% used [0x00000000c0000000,0x00000000c0575048,0x00000000c5580000)
 Metaspace       used 6337K, capacity 7156K, committed 7296K, reserved 1056768K
  class space    used 606K, capacity 620K, committed 640K, reserved 1048576K
Event: 16.590 GC heap after
Heap after GC invocations=3 (full 0):
 PSYoungGen      total 71680K, used 5118K [0x00000000eab00000, 0x00000000f3700000, 0x0000000100000000)
  eden space 66560K, 0% used [0x00000000eab00000,0x00000000eab00000,0x00000000eec00000)
  from space 5120K, 99% used [0x00000000eec00000,0x00000000ef0ff888,0x00000000ef100000)
  to   space 5120K, 0% used [0x00000000f3200000,0x00000000f3200000,0x00000000f3700000)
 ParOldGen       total 87552K, used 15794K [0x00000000c0000000, 0x00000000c5580000, 0x00000000eab00000)
  object space 87552K, 18% used [0x00000000c0000000,0x00000000c0f6cb78,0x00000000c5580000)
 Metaspace       used 6337K, capacity 7156K, committed 7296K, reserved 1056768K
  class space    used 606K, capacity 620K, committed 640K, reserved 1048576K
}

Deoptimization events (10 events):
Event: 17.119 Thread 0x00000000561c1800 Uncommon trap: reason=class_check action=maybe_recompile pc=0x0000000002aa2c78 method=java.util.Arrays.hashCode([Ljava/lang/Object;)I @ 43
Event: 17.119 Thread 0x00000000561c1800 Uncommon trap: reason=class_check action=maybe_recompile pc=0x0000000002aa2c78 method=java.util.Arrays.hashCode([Ljava/lang/Object;)I @ 43
Event: 17.119 Thread 0x00000000561c1800 Uncommon trap: reason=class_check action=maybe_recompile pc=0x0000000002aa2c78 method=java.util.Arrays.hashCode([Ljava/lang/Object;)I @ 43
Event: 17.119 Thread 0x00000000561c1800 Uncommon trap: reason=class_check action=maybe_recompile pc=0x0000000002aa3274 method=java.util.Arrays.hashCode([Ljava/lang/Object;)I @ 43
Event: 17.140 Thread 0x00000000561c1800 Uncommon trap: reason=unstable_if action=reinterpret pc=0x0000000002f6ccbc method=java.util.HashMap.putVal(ILjava/lang/Object;Ljava/lang/Object;ZZ)Ljava/lang/Object; @ 94
Event: 17.902 Thread 0x00000000561c1800 Uncommon trap: reason=unstable_if action=reinterpret pc=0x000000000307cba4 method=com.android.dx.rop.code.RegisterSpec.matchesVariable(Lcom/android/dx/rop/code/RegisterSpec;)Z @ 59
Event: 17.942 Thread 0x00000000561c1800 Uncommon trap: reason=unstable_if action=reinterpret pc=0x0000000002dc6c60 method=java.util.TreeMap.put(Ljava/lang/Object;Ljava/lang/Object;)Ljava/lang/Object; @ 163
Event: 17.963 Thread 0x00000000561c1800 Uncommon trap: reason=unstable_if action=reinterpret pc=0x0000000002da6688 method=java.util.ArrayList.<init>(I)V @ 5
Event: 18.018 Thread 0x00000000561c1800 Uncommon trap: reason=unstable_if action=reinterpret pc=0x00000000028bb2fc method=java.lang.Long.numberOfTrailingZeros(J)I @ 3
Event: 18.035 Thread 0x00000000561c1800 Uncommon trap: reason=unstable_if action=reinterpret pc=0x00000000030e4934 method=com.android.dx.util.ByteArrayAnnotatedOutput.writeByte(I)V @ 13

Internal exceptions (6 events):
Event: 0.079 Thread 0x00000000021de000 Exception <a 'java/lang/NoSuchMethodError': Method sun.misc.Unsafe.defineClass(Ljava/lang/String;[BII)Ljava/lang/Class; name or signature does not match> (0x00000000eab07cc0) thrown at [C:\re\workspace\8-2-build-windows-amd64-cygwin\jdk8u91\7017\hotspot\srýçüév!´?
Event: 0.079 Thread 0x00000000021de000 Exception <a 'java/lang/NoSuchMethodError': Method sun.misc.Unsafe.prefetchRead(Ljava/lang/Object;J)V name or signature does not match> (0x00000000eab07fa8) thrown at [C:\re\workspace\8-2-build-windows-amd64-cygwin\jdk8u91\7017\hotspot\src\share\vm\prims\jqb“š>"@
Event: 9.122 Thread 0x00000000561d9800 Implicit null exception at 0x00000000029ccf7d to 0x00000000029cea8d
Event: 15.856 Thread 0x00000000561d1000 Implicit null exception at 0x0000000002d8c967 to 0x0000000002d8e6dd
Event: 15.856 Thread 0x00000000561d1000 Implicit null exception at 0x0000000002b5f887 to 0x0000000002b60e3d
Event: 15.856 Thread 0x00000000561d1000 Implicit null exception at 0x0000000002d722d1 to 0x0000000002d73a1d

Events (10 events):
Event: 18.018 Thread 0x00000000561c1800 Uncommon trap: trap_request=0xffffff65 fr.pc=0x00000000028bb2fc
Event: 18.018 Thread 0x00000000561c1800 DEOPT PACKING pc=0x00000000028bb2fc sp=0x000000005706eb60
Event: 18.018 Thread 0x00000000561c1800 DEOPT UNPACKING pc=0x000000000266582a sp=0x000000005706eaf0 mode 2
Event: 18.029 loading class com/android/dx/dex/file/MapItem
Event: 18.029 loading class com/android/dx/dex/file/MapItem done
Event: 18.033 loading class com/android/dex/DexFormat
Event: 18.033 loading class com/android/dex/DexFormat done
Event: 18.035 Thread 0x00000000561c1800 Uncommon trap: trap_request=0xffffff65 fr.pc=0x00000000030e4934
Event: 18.035 Thread 0x00000000561c1800 DEOPT PACKING pc=0x00000000030e4934 sp=0x000000005706ed20
Event: 18.035 Thread 0x00000000561c1800 DEOPT UNPACKING pc=0x000000000266582a sp=0x000000005706ecd8 mode 2


Dynamic libraries:
0x000000013f1e0000 - 0x000000013f217000 	D:\Java\jdk1.7.0_79\bin\java.exe
0x00000000779d0000 - 0x0000000077b79000 	C:\Windows\SYSTEM32\ntdll.dll
0x00000000772d0000 - 0x00000000773ef000 	C:\Windows\system32\kernel32.dll
0x000007fefe190000 - 0x000007fefe1fc000 	C:\Windows\system32\KERNELBASE.dll
0x000007feff370000 - 0x000007feff44b000 	C:\Windows\system32\ADVAPI32.dll
0x000007feffb80000 - 0x000007feffc1f000 	C:\Windows\system32\msvcrt.dll
0x000007feffcc0000 - 0x000007feffcdf000 	C:\Windows\SYSTEM32\sechost.dll
0x000007feff1a0000 - 0x000007feff2cd000 	C:\Windows\system32\RPCRT4.dll
0x0000000077550000 - 0x000000007764a000 	C:\Windows\system32\USER32.dll
0x000007feff8b0000 - 0x000007feff917000 	C:\Windows\system32\GDI32.dll
0x000007feff8a0000 - 0x000007feff8ae000 	C:\Windows\system32\LPK.dll
0x000007feff450000 - 0x000007feff519000 	C:\Windows\system32\USP10.dll
0x000007fefc670000 - 0x000007fefc864000 	C:\Windows\WinSxS\amd64_microsoft.windows.common-controls_6595b64144ccf1df_6.0.7601.17514_none_fa396087175ac9ac\COMCTL32.dll
0x000007fefe310000 - 0x000007fefe381000 	C:\Windows\system32\SHLWAPI.dll
0x000007fefe2e0000 - 0x000007fefe30e000 	C:\Windows\system32\IMM32.DLL
0x000007feff520000 - 0x000007feff629000 	C:\Windows\system32\MSCTF.dll
0x000000005cd40000 - 0x000000005ce12000 	D:\Java\jdk1.7.0_79\jre\bin\msvcr100.dll
0x000000005d4d0000 - 0x000000005dd63000 	D:\Java\jdk1.7.0_79\jre\bin\server\jvm.dll
0x000007fefa8c0000 - 0x000007fefa8c9000 	C:\Windows\system32\WSOCK32.dll
0x000007feffb10000 - 0x000007feffb5d000 	C:\Windows\system32\WS2_32.dll
0x000007feffb00000 - 0x000007feffb08000 	C:\Windows\system32\NSI.dll
0x000007fefbc40000 - 0x000007fefbc7b000 	C:\Windows\system32\WINMM.dll
0x000007fefcf90000 - 0x000007fefcf9c000 	C:\Windows\system32\VERSION.dll
0x0000000077ba0000 - 0x0000000077ba7000 	C:\Windows\system32\PSAPI.DLL
0x0000000068960000 - 0x000000006896f000 	D:\Java\jdk1.7.0_79\jre\bin\verify.dll
0x00000000688a0000 - 0x00000000688c9000 	D:\Java\jdk1.7.0_79\jre\bin\java.dll
0x0000000068940000 - 0x0000000068956000 	D:\Java\jdk1.7.0_79\jre\bin\zip.dll
0x000007fefe390000 - 0x000007feff118000 	C:\Windows\system32\SHELL32.dll
0x000007feff690000 - 0x000007feff893000 	C:\Windows\system32\ole32.dll
0x000007fefde30000 - 0x000007fefde3f000 	C:\Windows\system32\profapi.dll

VM Arguments:
jvm_args: -Djava.awt.headless=true -Xmx1024M -Dfile.encoding=GBK -Duser.country=CN -Duser.language=zh -Duser.variant 
java_command: com.android.dx.command.Main --dex --force-jumbo --num-threads=4 --multi-dex --output E:\android-studio-example\Base\materialdesign\build\intermediates\transforms\dex\debug\folders\1000\10\com.android.support-design-23.3.0_cf8addd8d712233fc034362da187be93342e44bb E:\android-studio-example\Base\materialdesign\build\intermediates\exploded-aar\com.android.support\design\23.3.0\jars\classes.jar
java_class_path (initial): E:\android-studio-sdk\build-tools\23.0.3\lib\dx.jar
Launcher Type: SUN_STANDARD

Environment Variables:
JAVA_HOME=D:\Java\jdk1.7.0_79
CLASSPATH=.;D:\Java\jdk1.7.0_79\lib\dt.jar;D:\Java\jdk1.7.0_79\lib\tools.jar;
PATH=C:\ProgramData\Oracle\Java\javapath;C:\Windows\system32;C:\Windows;C:\Windows\System32\Wbem;C:\Windows\System32\WindowsPowerShell\v1.0\;C:\Program Files (x86)\ATI Technologies\ATI.ACE\Core-Static;D:\Java\jdk1.7.0_79\bin;D:\Java\jdk1.7.0_79\jre\bin;C:\apache-tomcat-7.0.62\bin;D:\DesktopLinks;
USERNAME=Hlh
OS=Windows_NT
PROCESSOR_IDENTIFIER=Intel64 Family 6 Model 30 Stepping 5, GenuineIntel



---------------  S Y S T E M  ---------------

OS: Windows 7 , 64 bit Build 7601 (6.1.7601.17617)

CPU:total 4 (4 cores per cpu, 1 threads per core) family 6 model 30 stepping 5, cmov, cx8, fxsr, mmx, sse, sse2, sse3, ssse3, sse4.1, sse4.2, popcnt, tsc, tscinvbit

Memory: 4k page, physical 8379896k(2066720k free), swap 8378044k(5112k free)

vm_info: Java HotSpot(TM) 64-Bit Server VM (25.91-b15) for windows-amd64 JRE (1.8.0_91-b15), built on May 20 2016 17:43:15 by "java_re" with MS VC++ 10.0 (VS2010)

time: Tue Jul 19 15:03:59 2016
elapsed time: 18 seconds (0d 0h 0m 18s)

