#
# There is insufficient memory for the Java Runtime Environment to continue.
# Native memory allocation (malloc) failed to allocate 423856 bytes for Chunk::new
# Possible reasons:
#   The system is out of physical RAM or swap space
#   In 32 bit mode, the process size limit was hit
# Possible solutions:
#   Reduce memory load on the system
#   Increase physical memory or swap space
#   Check if swap backing store is full
#   Use 64 bit Java on a 64 bit OS
#   Decrease Java heap size (-Xmx/-Xms)
#   Decrease number of Java threads
#   Decrease Java thread stack sizes (-Xss)
#   Set larger code cache with -XX:ReservedCodeCacheSize=
# This output file may be truncated or incomplete.
#
#  Out of Memory Error (allocation.cpp:390), pid=3968, tid=2224
#
# JRE version: Java(TM) SE Runtime Environment (8.0_91-b15) (build 1.8.0_91-b15)
# Java VM: Java HotSpot(TM) 64-Bit Server VM (25.91-b15 mixed mode windows-amd64 compressed oops)
# Failed to write core dump. Minidumps are not enabled by default on client versions of Windows
#

---------------  T H R E A D  ---------------

Current thread (0x0000000054d6f000):  JavaThread "C2 CompilerThread1" daemon [_thread_in_native, id=2224, stack(0x0000000056570000,0x0000000056670000)]

Stack: [0x0000000056570000,0x0000000056670000]
[error occurred during error reporting (printing stack bounds), id 0xc0000005]

Native frames: (J=compiled Java code, j=interpreted, Vv=VM code, C=native code)


Current CompileTask:
C2:   2450  764       4       com.android.dx.ssa.back.LivenessAnalyzer::handleTailRecursion (94 bytes)


---------------  P R O C E S S  ---------------

Java Threads: ( => current thread )
  0x00000000562de000 JavaThread "pool-2-thread-4" [_thread_blocked, id=6372, stack(0x0000000057370000,0x0000000057470000)]
  0x00000000562d4800 JavaThread "pool-2-thread-3" [_thread_blocked, id=6064, stack(0x0000000057160000,0x0000000057260000)]
  0x00000000562cf000 JavaThread "pool-2-thread-2" [_thread_blocked, id=7064, stack(0x0000000057030000,0x0000000057130000)]
  0x00000000561f6000 JavaThread "pool-3-thread-1" [_thread_blocked, id=5860, stack(0x0000000056ec0000,0x0000000056fc0000)]
  0x00000000561ef000 JavaThread "pool-2-thread-1" [_thread_blocked, id=900, stack(0x0000000056dc0000,0x0000000056ec0000)]
  0x0000000056054800 JavaThread "Service Thread" daemon [_thread_blocked, id=3324, stack(0x0000000056c90000,0x0000000056d90000)]
  0x0000000056025000 JavaThread "C1 CompilerThread2" daemon [_thread_blocked, id=3340, stack(0x0000000056b30000,0x0000000056c30000)]
=>0x0000000054d6f000 JavaThread "C2 CompilerThread1" daemon [_thread_in_native, id=2224, stack(0x0000000056570000,0x0000000056670000)]
  0x000000005601b000 JavaThread "C2 CompilerThread0" daemon [_thread_blocked, id=6956, stack(0x0000000056850000,0x0000000056950000)]
  0x0000000056018800 JavaThread "Attach Listener" daemon [_thread_blocked, id=2024, stack(0x0000000056700000,0x0000000056800000)]
  0x0000000054d5c800 JavaThread "Signal Dispatcher" daemon [_thread_blocked, id=4968, stack(0x0000000056420000,0x0000000056520000)]
  0x0000000054d49800 JavaThread "Finalizer" daemon [_thread_blocked, id=2040, stack(0x0000000055f10000,0x0000000056010000)]
  0x0000000054d01800 JavaThread "Reference Handler" daemon [_thread_blocked, id=3740, stack(0x0000000055c70000,0x0000000055d70000)]
  0x0000000001cce000 JavaThread "main" [_thread_in_native, id=2692, stack(0x0000000002200000,0x0000000002300000)]

Other Threads:
  0x0000000054cfa000 VMThread [stack: 0x0000000055da0000,0x0000000055ea0000] [id=7104]
  0x00000000560c3000 WatcherThread [stack: 0x0000000056970000,0x0000000056a70000] [id=912]

VM state:not at safepoint (normal execution)

VM Mutex/Monitor currently owned by a thread: None

Heap:
 PSYoungGen      total 38400K, used 20894K [0x00000000eab00000, 0x00000000ed580000, 0x0000000100000000)
  eden space 33280K, 62% used [0x00000000eab00000,0x00000000ebf67838,0x00000000ecb80000)
  from space 5120K, 0% used [0x00000000ed080000,0x00000000ed080000,0x00000000ed580000)
  to   space 5120K, 0% used [0x00000000ecb80000,0x00000000ecb80000,0x00000000ed080000)
 ParOldGen       total 87552K, used 0K [0x00000000c0000000, 0x00000000c5580000, 0x00000000eab00000)
  object space 87552K, 0% used [0x00000000c0000000,0x00000000c0000000,0x00000000c5580000)
 Metaspace       used 5599K, capacity 6704K, committed 6784K, reserved 1056768K
  class space    used 578K, capacity 616K, committed 640K, reserved 1048576K

Card table byte_map: [0x00000000116c0000,0x00000000118d0000] byte_map_base: 0x00000000110c0000

Marking Bits: (ParMarkBitMap*) 0x000000005dce2f70
 Begin Bits: [0x0000000012170000, 0x0000000013170000)
 End Bits:   [0x0000000013170000, 0x0000000014170000)

Polling page: 0x0000000000410000

CodeCache: size=245760Kb used=3121Kb max_used=3126Kb free=242638Kb
 bounds [0x0000000002300000, 0x0000000002610000, 0x0000000011300000]
 total_blobs=1050 nmethods=786 adapters=176
 compilation: disabled (not enough contiguous free space left)

Compilation events (10 events):
Event: 1.984 Thread 0x0000000056025000  685       1       java.util.TreeMap::access$100 (5 bytes)
Event: 1.984 Thread 0x0000000056025000 nmethod 685 0x0000000002601ad0 code [0x0000000002601c20, 0x0000000002601d10]
Event: 1.984 Thread 0x0000000056025000  726       1       com.android.dx.cf.code.RopperMachine::returns (5 bytes)
Event: 1.984 Thread 0x0000000056025000 nmethod 726 0x0000000002601d90 code [0x0000000002601ee0, 0x0000000002601ff0]
Event: 1.984 Thread 0x0000000056025000  709       1       com.android.dx.cf.attrib.AttCode::getMaxStack (5 bytes)
Event: 1.984 Thread 0x0000000056025000 nmethod 709 0x0000000002602050 code [0x00000000026021a0, 0x00000000026022b0]
Event: 1.984 Thread 0x0000000056025000  766       1       com.android.dx.cf.attrib.AttCode::getCode (5 bytes)
Event: 1.984 Thread 0x0000000056025000 nmethod 766 0x0000000002602310 code [0x0000000002602460, 0x0000000002602570]
Event: 1.984 Thread 0x0000000056025000  749       1       com.android.dx.rop.cst.CstNat::getDescriptor (5 bytes)
Event: 1.985 Thread 0x0000000056025000 nmethod 749 0x00000000026025d0 code [0x0000000002602720, 0x0000000002602830]

GC Heap History (0 events):
No events

Deoptimization events (10 events):
Event: 1.698 Thread 0x00000000562d4800 Uncommon trap: reason=class_check action=maybe_recompile pc=0x00000000024b5048 method=com.android.dx.rop.cst.Constant.compareTo(Ljava/lang/Object;)I @ 2
Event: 1.698 Thread 0x00000000562d4800 Uncommon trap: reason=class_check action=maybe_recompile pc=0x00000000024b5b80 method=com.android.dx.rop.cst.CstMemberRef.compareTo0(Lcom/android/dx/rop/cst/Constant;)I @ 1
Event: 1.700 Thread 0x00000000561ef000 Uncommon trap: reason=class_check action=maybe_recompile pc=0x00000000024b5048 method=com.android.dx.rop.cst.Constant.compareTo(Ljava/lang/Object;)I @ 2
Event: 1.700 Thread 0x00000000561ef000 Uncommon trap: reason=class_check action=maybe_recompile pc=0x00000000024b5b80 method=com.android.dx.rop.cst.CstMemberRef.compareTo0(Lcom/android/dx/rop/cst/Constant;)I @ 1
Event: 1.707 Thread 0x0000000001cce000 Uncommon trap: reason=unstable_if action=reinterpret pc=0x00000000024ee7a8 method=java.util.HashMap.getNode(ILjava/lang/Object;)Ljava/util/HashMap$Node; @ 62
Event: 1.736 Thread 0x00000000561ef000 Uncommon trap: reason=unstable_if action=reinterpret pc=0x00000000024adf84 method=com.android.dx.rop.cst.CstFieldRef.compareTo0(Lcom/android/dx/rop/cst/Constant;)I @ 7
Event: 1.743 Thread 0x00000000562de000 Uncommon trap: reason=speculate_class_check action=maybe_recompile pc=0x000000000252d174 method=com.android.dx.rop.cst.Constant.compareTo(Lcom/android/dx/rop/cst/Constant;)I @ 29
Event: 1.743 Thread 0x00000000562de000 Uncommon trap: reason=speculate_class_check action=maybe_recompile pc=0x000000000252d174 method=com.android.dx.rop.cst.Constant.compareTo(Lcom/android/dx/rop/cst/Constant;)I @ 29
Event: 1.743 Thread 0x00000000562de000 Uncommon trap: reason=speculate_class_check action=maybe_recompile pc=0x000000000252d174 method=com.android.dx.rop.cst.Constant.compareTo(Lcom/android/dx/rop/cst/Constant;)I @ 29
Event: 1.743 Thread 0x00000000562de000 Uncommon trap: reason=speculate_class_check action=maybe_recompile pc=0x000000000252d174 method=com.android.dx.rop.cst.Constant.compareTo(Lcom/android/dx/rop/cst/Constant;)I @ 29

Internal exceptions (2 events):
Event: 0.049 Thread 0x0000000001cce000 Exception <a 'java/lang/NoSuchMethodError': Method sun.misc.Unsafe.defineClass(Ljava/lang/String;[BII)Ljava/lang/Class; name or signature does not match> (0x00000000eab07cc0) thrown at [C:\re\workspace\8-2-build-windows-amd64-cygwin\jdk8u91\7017\hotspot\srS
Ó‰B©?
Event: 0.049 Thread 0x0000000001cce000 Exception <a 'java/lang/NoSuchMethodError': Method sun.misc.Unsafe.prefetchRead(Ljava/lang/Object;J)V name or signature does not match> (0x00000000eab07fa8) thrown at [C:\re\workspace\8-2-build-windows-amd64-cygwin\jdk8u91\7017\hotspot\src\share\vm\prims\j

Events (10 events):
Event: 1.743 Thread 0x00000000562de000 DEOPT PACKING pc=0x000000000252d174 sp=0x000000005746ea50
Event: 1.743 Thread 0x00000000562de000 DEOPT UNPACKING pc=0x000000000234582a sp=0x000000005746e980 mode 2
Event: 1.743 Thread 0x00000000562de000 Uncommon trap: trap_request=0xffffff76 fr.pc=0x000000000252d174
Event: 1.743 Thread 0x00000000562de000 DEOPT PACKING pc=0x000000000252d174 sp=0x000000005746ea50
Event: 1.743 Thread 0x00000000562de000 DEOPT UNPACKING pc=0x000000000234582a sp=0x000000005746e980 mode 2
Event: 1.743 Thread 0x00000000562de000 Uncommon trap: trap_request=0xffffff76 fr.pc=0x000000000252d174
Event: 1.743 Thread 0x00000000562de000 DEOPT PACKING pc=0x000000000252d174 sp=0x000000005746ea50
Event: 1.743 Thread 0x00000000562de000 DEOPT UNPACKING pc=0x000000000234582a sp=0x000000005746e980 mode 2
Event: 1.897 loading class java/util/ArrayList$1
Event: 1.897 loading class java/util/ArrayList$1 done


Dynamic libraries:
0x000000013f1e0000 - 0x000000013f217000 	D:\Java\jdk1.7.0_79\bin\java.exe
0x00000000779d0000 - 0x0000000077b79000 	C:\Windows\SYSTEM32\ntdll.dll
0x00000000772d0000 - 0x00000000773ef000 	C:\Windows\system32\kernel32.dll
0x000007fefe190000 - 0x000007fefe1fc000 	C:\Windows\system32\KERNELBASE.dll
0x000007feff370000 - 0x000007feff44b000 	C:\Windows\system32\ADVAPI32.dll
0x000007feffb80000 - 0x000007feffc1f000 	C:\Windows\system32\msvcrt.dll
0x000007feffcc0000 - 0x000007feffcdf000 	C:\Windows\SYSTEM32\sechost.dll
0x000007feff1a0000 - 0x000007feff2cd000 	C:\Windows\system32\RPCRT4.dll
0x0000000077550000 - 0x000000007764a000 	C:\Windows\system32\USER32.dll
0x000007feff8b0000 - 0x000007feff917000 	C:\Windows\system32\GDI32.dll
0x000007feff8a0000 - 0x000007feff8ae000 	C:\Windows\system32\LPK.dll
0x000007feff450000 - 0x000007feff519000 	C:\Windows\system32\USP10.dll
0x000007fefc670000 - 0x000007fefc864000 	C:\Windows\WinSxS\amd64_microsoft.windows.common-controls_6595b64144ccf1df_6.0.7601.17514_none_fa396087175ac9ac\COMCTL32.dll
0x000007fefe310000 - 0x000007fefe381000 	C:\Windows\system32\SHLWAPI.dll
0x000007fefe2e0000 - 0x000007fefe30e000 	C:\Windows\system32\IMM32.DLL
0x000007feff520000 - 0x000007feff629000 	C:\Windows\system32\MSCTF.dll
0x000000005cd40000 - 0x000000005ce12000 	D:\Java\jdk1.7.0_79\jre\bin\msvcr100.dll
0x000000005d4d0000 - 0x000000005dd63000 	D:\Java\jdk1.7.0_79\jre\bin\server\jvm.dll
0x000007fefa8c0000 - 0x000007fefa8c9000 	C:\Windows\system32\WSOCK32.dll
0x000007feffb10000 - 0x000007feffb5d000 	C:\Windows\system32\WS2_32.dll
0x000007feffb00000 - 0x000007feffb08000 	C:\Windows\system32\NSI.dll
0x000007fefbc40000 - 0x000007fefbc7b000 	C:\Windows\system32\WINMM.dll
0x000007fefcf90000 - 0x000007fefcf9c000 	C:\Windows\system32\VERSION.dll
0x0000000077ba0000 - 0x0000000077ba7000 	C:\Windows\system32\PSAPI.DLL
0x0000000068960000 - 0x000000006896f000 	D:\Java\jdk1.7.0_79\jre\bin\verify.dll
0x00000000688a0000 - 0x00000000688c9000 	D:\Java\jdk1.7.0_79\jre\bin\java.dll
0x0000000068940000 - 0x0000000068956000 	D:\Java\jdk1.7.0_79\jre\bin\zip.dll
0x000007fefe390000 - 0x000007feff118000 	C:\Windows\system32\SHELL32.dll
0x000007feff690000 - 0x000007feff893000 	C:\Windows\system32\ole32.dll
0x000007fefde30000 - 0x000007fefde3f000 	C:\Windows\system32\profapi.dll

VM Arguments:
jvm_args: -Djava.awt.headless=true -Xmx1024M -Dfile.encoding=GBK -Duser.country=CN -Duser.language=zh -Duser.variant 
java_command: com.android.dx.command.Main --dex --force-jumbo --num-threads=4 --multi-dex --output E:\android-studio-example\Base\materialdesign\build\intermediates\transforms\dex\debug\folders\1000\5\slice_2 E:\android-studio-example\Base\materialdesign\build\intermediates\transforms\instantRunSlicer\debug\folders\1\5\slice_2
java_class_path (initial): E:\android-studio-sdk\build-tools\23.0.3\lib\dx.jar
Launcher Type: SUN_STANDARD

Environment Variables:
JAVA_HOME=D:\Java\jdk1.7.0_79
CLASSPATH=.;D:\Java\jdk1.7.0_79\lib\dt.jar;D:\Java\jdk1.7.0_79\lib\tools.jar;
PATH=C:\ProgramData\Oracle\Java\javapath;C:\Windows\system32;C:\Windows;C:\Windows\System32\Wbem;C:\Windows\System32\WindowsPowerShell\v1.0\;C:\Program Files (x86)\ATI Technologies\ATI.ACE\Core-Static;D:\Java\jdk1.7.0_79\bin;D:\Java\jdk1.7.0_79\jre\bin;C:\apache-tomcat-7.0.62\bin;D:\DesktopLinks;
USERNAME=Hlh
OS=Windows_NT
PROCESSOR_IDENTIFIER=Intel64 Family 6 Model 30 Stepping 5, GenuineIntel



---------------  S Y S T E M  ---------------

OS: Windows 7 , 64 bit Build 7601 (6.1.7601.17617)

CPU:total 4 (4 cores per cpu, 1 threads per core) family 6 model 30 stepping 5, cmov, cx8, fxsr, mmx, sse, sse2, sse3, ssse3, sse4.1, sse4.2, popcnt, tsc, tscinvbit

Memory: 4k page, physical 8379896k(1814096k free), swap 8378044k(69204k free)

vm_info: Java HotSpot(TM) 64-Bit Server VM (25.91-b15) for windows-amd64 JRE (1.8.0_91-b15), built on May 20 2016 17:43:15 by "java_re" with MS VC++ 10.0 (VS2010)

time: Tue Jul 19 14:40:40 2016
elapsed time: 2 seconds (0d 0h 0m 2s)

